<?xml version="1.0" encoding="UTF-8" ?>
<testsuite tests="4" failures="0" name="group52.comp3004.players.test.PlayerTest" time="0.04" errors="0" skipped="0">
  <properties>
[...]
</properties>
  <testcase classname="group52.comp3004.players.test.PlayerTest" name="group52.comp3004.players.test.PlayerTest.testRankDoesNotGoDownAfterLosingShields" time="0.024"/>
  <testcase classname="group52.comp3004.players.test.PlayerTest" name="group52.comp3004.players.test.PlayerTest.testAddsWeaponPowerToBattlePoints" time="0.016"/>
  <testcase classname="group52.comp3004.players.test.PlayerTest" name="group52.comp3004.players.test.PlayerTest.testShieldsDoNotGoBelowRank" time="0"/>
  <testcase classname="group52.comp3004.players.test.PlayerTest" name="group52.comp3004.players.test.PlayerTest.testRanksUpCorrectly" time="0"/>
</testsuite>